<?xml version="1.0" encoding="UTF-8"?>
<!-- Generated by org.testng.reporters.JUnitXMLReporter -->
<testsuite hostname="DESKTOP-V05VKJF" ignored="0" name="MapTestSuite" tests="8" failures="8" timestamp="02 sep 2020 14:56:28 GMT" time="88.517" errors="0">
  <testcase name="ElementsWithoutData" time="13.763" classname="test.MapTestSuite">
    <failure type="org.openqa.selenium.WebDriverException" message="unknown error: cannot determine loading status
from disconnected: received Inspector.detached event
  (Session info: chrome=84.0.4147.135)
Build info: version: &amp;apos;3.141.59&amp;apos;, revision: &amp;apos;e82be7d358&amp;apos;, time: &amp;apos;2018-11-14T08:17:03&amp;apos;
System info: host: &amp;apos;DESKTOP-V05VKJF&amp;apos;, ip: &amp;apos;192.168.15.36&amp;apos;, os.name: &amp;apos;Windows 10&amp;apos;, os.arch: &amp;apos;amd64&amp;apos;, os.version: &amp;apos;10.0&amp;apos;, java.version: &amp;apos;1.8.0_251&amp;apos;
Driver info: org.openqa.selenium.chrome.ChromeDriver
Capabilities {acceptInsecureCerts: false, browserName: chrome, browserVersion: 84.0.4147.135, chrome: {chromedriverVersion: 84.0.4147.30 (48b3e868b4cc0..., userDataDir: C:\Users\ALBERT~1\AppData\L...}, goog:chromeOptions: {debuggerAddress: localhost:64343}, javascriptEnabled: true, networkConnectionEnabled: false, pageLoadStrategy: normal, platform: WINDOWS, platformName: WINDOWS, proxy: Proxy(), setWindowRect: true, strictFileInteractability: false, timeouts: {implicit: 0, pageLoad: 300000, script: 30000}, unhandledPromptBehavior: dismiss and notify, webauthn:virtualAuthenticators: true}
Session ID: bc43ca0e9334d9fd96d93f7abf0ee136">
      <![CDATA[org.openqa.selenium.WebDriverException: unknown error: cannot determine loading status
from disconnected: received Inspector.detached event
  (Session info: chrome=84.0.4147.135)
Build info: version: '3.141.59', revision: 'e82be7d358', time: '2018-11-14T08:17:03'
System info: host: 'DESKTOP-V05VKJF', ip: '192.168.15.36', os.name: 'Windows 10', os.arch: 'amd64', os.version: '10.0', java.version: '1.8.0_251'
Driver info: org.openqa.selenium.chrome.ChromeDriver
Capabilities {acceptInsecureCerts: false, browserName: chrome, browserVersion: 84.0.4147.135, chrome: {chromedriverVersion: 84.0.4147.30 (48b3e868b4cc0..., userDataDir: C:\Users\ALBERT~1\AppData\L...}, goog:chromeOptions: {debuggerAddress: localhost:64343}, javascriptEnabled: true, networkConnectionEnabled: false, pageLoadStrategy: normal, platform: WINDOWS, platformName: WINDOWS, proxy: Proxy(), setWindowRect: true, strictFileInteractability: false, timeouts: {implicit: 0, pageLoad: 300000, script: 30000}, unhandledPromptBehavior: dismiss and notify, webauthn:virtualAuthenticators: true}
Session ID: bc43ca0e9334d9fd96d93f7abf0ee136
	at org.openqa.selenium.remote.http.W3CHttpResponseCodec.createException(W3CHttpResponseCodec.java:187)
	at org.openqa.selenium.remote.http.W3CHttpResponseCodec.decode(W3CHttpResponseCodec.java:122)
	at org.openqa.selenium.remote.http.W3CHttpResponseCodec.decode(W3CHttpResponseCodec.java:49)
	at org.openqa.selenium.remote.HttpCommandExecutor.execute(HttpCommandExecutor.java:158)
	at org.openqa.selenium.remote.service.DriverCommandExecutor.execute(DriverCommandExecutor.java:83)
	at org.openqa.selenium.remote.RemoteWebDriver.execute(RemoteWebDriver.java:552)
	at org.openqa.selenium.remote.RemoteWebDriver.get(RemoteWebDriver.java:277)
	at BasicUserSteps.EsentialUserSteps.initWaitConfig(EsentialUserSteps.java:29)
	at map.ElementsWithoutData.givenStep(ElementsWithoutData.java:28)
	at test.MapTestSuite.ElementsWithoutData(MapTestSuite.java:13)
... Removed 29 stack frames]]>
    </failure>
  </testcase> <!-- ElementsWithoutData -->
  <testcase name="LugaresDeInteresLayerGroupVisualizationOneByOne" time="13.325" classname="test.MapTestSuite">
    <failure type="org.openqa.selenium.SessionNotCreatedException" message="session not created
from chrome not reachable
  (Session info: chrome=84.0.4147.135)
Build info: version: &amp;apos;3.141.59&amp;apos;, revision: &amp;apos;e82be7d358&amp;apos;, time: &amp;apos;2018-11-14T08:17:03&amp;apos;
System info: host: &amp;apos;DESKTOP-V05VKJF&amp;apos;, ip: &amp;apos;192.168.15.36&amp;apos;, os.name: &amp;apos;Windows 10&amp;apos;, os.arch: &amp;apos;amd64&amp;apos;, os.version: &amp;apos;10.0&amp;apos;, java.version: &amp;apos;1.8.0_251&amp;apos;
Driver info: driver.version: ChromeDriver
remote stacktrace: Backtrace:
	Ordinal0 [0x003787E3+2852835]
	Ordinal0 [0x00265BB1+1727409]
	Ordinal0 [0x0013E362+516962]
	Ordinal0 [0x00137D82+490882]
	Ordinal0 [0x0013846B+492651]
	Ordinal0 [0x001393C5+496581]
	Ordinal0 [0x00134D64+478564]
	Ordinal0 [0x0013F300+520960]
	Ordinal0 [0x000EE489+189577]
	Ordinal0 [0x000ED7FD+186365]
	Ordinal0 [0x000EB70B+177931]
	Ordinal0 [0x000D2584+75140]
	Ordinal0 [0x000D3650+79440]
	Ordinal0 [0x000D35E9+79337]
	Ordinal0 [0x0027AD5C+1813852]
	GetHandleVerifier [0x0049C616+1075574]
	GetHandleVerifier [0x0049C367+1074887]
	GetHandleVerifier [0x004A7497+1120247]
	GetHandleVerifier [0x0049CC16+1077110]
	Ordinal0 [0x00273206+1782278]
	Ordinal0 [0x0027C3BB+1819579]
	Ordinal0 [0x0027C523+1819939]
	Ordinal0 [0x00292B45+1911621]
	BaseThreadInitThunk [0x76F5F989+25]
	RtlGetAppContainerNamedObjectPath [0x770C74A4+228]
	RtlGetAppContainerNamedObjectPath [0x770C7474+180]
	(No symbol) [0x00000000]
">
      <![CDATA[org.openqa.selenium.SessionNotCreatedException: session not created
from chrome not reachable
  (Session info: chrome=84.0.4147.135)
Build info: version: '3.141.59', revision: 'e82be7d358', time: '2018-11-14T08:17:03'
System info: host: 'DESKTOP-V05VKJF', ip: '192.168.15.36', os.name: 'Windows 10', os.arch: 'amd64', os.version: '10.0', java.version: '1.8.0_251'
Driver info: driver.version: ChromeDriver
remote stacktrace: Backtrace:
	Ordinal0 [0x003787E3+2852835]
	Ordinal0 [0x00265BB1+1727409]
	Ordinal0 [0x0013E362+516962]
	Ordinal0 [0x00137D82+490882]
	Ordinal0 [0x0013846B+492651]
	Ordinal0 [0x001393C5+496581]
	Ordinal0 [0x00134D64+478564]
	Ordinal0 [0x0013F300+520960]
	Ordinal0 [0x000EE489+189577]
	Ordinal0 [0x000ED7FD+186365]
	Ordinal0 [0x000EB70B+177931]
	Ordinal0 [0x000D2584+75140]
	Ordinal0 [0x000D3650+79440]
	Ordinal0 [0x000D35E9+79337]
	Ordinal0 [0x0027AD5C+1813852]
	GetHandleVerifier [0x0049C616+1075574]
	GetHandleVerifier [0x0049C367+1074887]
	GetHandleVerifier [0x004A7497+1120247]
	GetHandleVerifier [0x0049CC16+1077110]
	Ordinal0 [0x00273206+1782278]
	Ordinal0 [0x0027C3BB+1819579]
	Ordinal0 [0x0027C523+1819939]
	Ordinal0 [0x00292B45+1911621]
	BaseThreadInitThunk [0x76F5F989+25]
	RtlGetAppContainerNamedObjectPath [0x770C74A4+228]
	RtlGetAppContainerNamedObjectPath [0x770C7474+180]
	(No symbol) [0x00000000]

	at org.openqa.selenium.remote.W3CHandshakeResponse.lambda$errorHandler$0(W3CHandshakeResponse.java:62)
	at org.openqa.selenium.remote.HandshakeResponse.lambda$getResponseFunction$0(HandshakeResponse.java:30)
	at org.openqa.selenium.remote.ProtocolHandshake.lambda$createSession$0(ProtocolHandshake.java:126)
	at java.util.stream.ReferencePipeline$3$1.accept(Unknown Source)
	at java.util.Spliterators$ArraySpliterator.tryAdvance(Unknown Source)
	at java.util.stream.ReferencePipeline.forEachWithCancel(Unknown Source)
	at java.util.stream.AbstractPipeline.copyIntoWithCancel(Unknown Source)
	at java.util.stream.AbstractPipeline.copyInto(Unknown Source)
	at java.util.stream.AbstractPipeline.wrapAndCopyInto(Unknown Source)
	at java.util.stream.FindOps$FindOp.evaluateSequential(Unknown Source)
	at java.util.stream.AbstractPipeline.evaluate(Unknown Source)
	at java.util.stream.ReferencePipeline.findFirst(Unknown Source)
	at org.openqa.selenium.remote.ProtocolHandshake.createSession(ProtocolHandshake.java:128)
	at org.openqa.selenium.remote.ProtocolHandshake.createSession(ProtocolHandshake.java:74)
	at org.openqa.selenium.remote.HttpCommandExecutor.execute(HttpCommandExecutor.java:136)
	at org.openqa.selenium.remote.service.DriverCommandExecutor.execute(DriverCommandExecutor.java:83)
	at org.openqa.selenium.remote.RemoteWebDriver.execute(RemoteWebDriver.java:552)
	at org.openqa.selenium.remote.RemoteWebDriver.startSession(RemoteWebDriver.java:213)
	at org.openqa.selenium.remote.RemoteWebDriver.<init>(RemoteWebDriver.java:131)
	at org.openqa.selenium.chrome.ChromeDriver.<init>(ChromeDriver.java:181)
	at org.openqa.selenium.chrome.ChromeDriver.<init>(ChromeDriver.java:168)
	at org.openqa.selenium.chrome.ChromeDriver.<init>(ChromeDriver.java:123)
	at BasicUserSteps.EsentialUserSteps.chromeDriverConfig(EsentialUserSteps.java:22)
	at map.LugaresDeInteresLayerGroupVisualizationOneByOne.givenStep(LugaresDeInteresLayerGroupVisualizationOneByOne.java:46)
	at test.MapTestSuite.LugaresDeInteresLayerGroupVisualizationOneByOne(MapTestSuite.java:22)
... Removed 29 stack frames]]>
    </failure>
  </testcase> <!-- LugaresDeInteresLayerGroupVisualizationOneByOne -->
  <testcase name="LugaresDeInteresLayerVisualization" time="5.775" classname="test.MapTestSuite">
    <failure type="org.openqa.selenium.WebDriverException" message="unknown error: cannot determine loading status
from disconnected: received Inspector.detached event
  (Session info: chrome=84.0.4147.135)
Build info: version: &amp;apos;3.141.59&amp;apos;, revision: &amp;apos;e82be7d358&amp;apos;, time: &amp;apos;2018-11-14T08:17:03&amp;apos;
System info: host: &amp;apos;DESKTOP-V05VKJF&amp;apos;, ip: &amp;apos;192.168.15.36&amp;apos;, os.name: &amp;apos;Windows 10&amp;apos;, os.arch: &amp;apos;amd64&amp;apos;, os.version: &amp;apos;10.0&amp;apos;, java.version: &amp;apos;1.8.0_251&amp;apos;
Driver info: org.openqa.selenium.chrome.ChromeDriver
Capabilities {acceptInsecureCerts: false, browserName: chrome, browserVersion: 84.0.4147.135, chrome: {chromedriverVersion: 84.0.4147.30 (48b3e868b4cc0..., userDataDir: C:\Users\ALBERT~1\AppData\L...}, goog:chromeOptions: {debuggerAddress: localhost:64394}, javascriptEnabled: true, networkConnectionEnabled: false, pageLoadStrategy: normal, platform: WINDOWS, platformName: WINDOWS, proxy: Proxy(), setWindowRect: true, strictFileInteractability: false, timeouts: {implicit: 0, pageLoad: 300000, script: 30000}, unhandledPromptBehavior: dismiss and notify, webauthn:virtualAuthenticators: true}
Session ID: b358916c82710ccfb2dda3dae400a85d">
      <![CDATA[org.openqa.selenium.WebDriverException: unknown error: cannot determine loading status
from disconnected: received Inspector.detached event
  (Session info: chrome=84.0.4147.135)
Build info: version: '3.141.59', revision: 'e82be7d358', time: '2018-11-14T08:17:03'
System info: host: 'DESKTOP-V05VKJF', ip: '192.168.15.36', os.name: 'Windows 10', os.arch: 'amd64', os.version: '10.0', java.version: '1.8.0_251'
Driver info: org.openqa.selenium.chrome.ChromeDriver
Capabilities {acceptInsecureCerts: false, browserName: chrome, browserVersion: 84.0.4147.135, chrome: {chromedriverVersion: 84.0.4147.30 (48b3e868b4cc0..., userDataDir: C:\Users\ALBERT~1\AppData\L...}, goog:chromeOptions: {debuggerAddress: localhost:64394}, javascriptEnabled: true, networkConnectionEnabled: false, pageLoadStrategy: normal, platform: WINDOWS, platformName: WINDOWS, proxy: Proxy(), setWindowRect: true, strictFileInteractability: false, timeouts: {implicit: 0, pageLoad: 300000, script: 30000}, unhandledPromptBehavior: dismiss and notify, webauthn:virtualAuthenticators: true}
Session ID: b358916c82710ccfb2dda3dae400a85d
	at org.openqa.selenium.remote.http.W3CHttpResponseCodec.createException(W3CHttpResponseCodec.java:187)
	at org.openqa.selenium.remote.http.W3CHttpResponseCodec.decode(W3CHttpResponseCodec.java:122)
	at org.openqa.selenium.remote.http.W3CHttpResponseCodec.decode(W3CHttpResponseCodec.java:49)
	at org.openqa.selenium.remote.HttpCommandExecutor.execute(HttpCommandExecutor.java:158)
	at org.openqa.selenium.remote.service.DriverCommandExecutor.execute(DriverCommandExecutor.java:83)
	at org.openqa.selenium.remote.RemoteWebDriver.execute(RemoteWebDriver.java:552)
	at org.openqa.selenium.remote.RemoteWebDriver.get(RemoteWebDriver.java:277)
	at BasicUserSteps.EsentialUserSteps.initWaitConfig(EsentialUserSteps.java:29)
	at map.LugaresDeInteresLayerVisualization.givenStep(LugaresDeInteresLayerVisualization.java:45)
	at test.MapTestSuite.LugaresDeInteresLayerVisualization(MapTestSuite.java:32)
... Removed 29 stack frames]]>
    </failure>
  </testcase> <!-- LugaresDeInteresLayerVisualization -->
  <testcase name="OpenLayerControlMenu" time="13.39" classname="test.MapTestSuite">
    <failure type="org.openqa.selenium.SessionNotCreatedException" message="session not created
from chrome not reachable
  (Session info: chrome=84.0.4147.135)
Build info: version: &amp;apos;3.141.59&amp;apos;, revision: &amp;apos;e82be7d358&amp;apos;, time: &amp;apos;2018-11-14T08:17:03&amp;apos;
System info: host: &amp;apos;DESKTOP-V05VKJF&amp;apos;, ip: &amp;apos;192.168.15.36&amp;apos;, os.name: &amp;apos;Windows 10&amp;apos;, os.arch: &amp;apos;amd64&amp;apos;, os.version: &amp;apos;10.0&amp;apos;, java.version: &amp;apos;1.8.0_251&amp;apos;
Driver info: driver.version: ChromeDriver
remote stacktrace: Backtrace:
	Ordinal0 [0x003787E3+2852835]
	Ordinal0 [0x00265BB1+1727409]
	Ordinal0 [0x0013E362+516962]
	Ordinal0 [0x00137D82+490882]
	Ordinal0 [0x0013846B+492651]
	Ordinal0 [0x001393C5+496581]
	Ordinal0 [0x00134D64+478564]
	Ordinal0 [0x0013F300+520960]
	Ordinal0 [0x000EE489+189577]
	Ordinal0 [0x000ED7FD+186365]
	Ordinal0 [0x000EB70B+177931]
	Ordinal0 [0x000D2584+75140]
	Ordinal0 [0x000D3650+79440]
	Ordinal0 [0x000D35E9+79337]
	Ordinal0 [0x0027AD5C+1813852]
	GetHandleVerifier [0x0049C616+1075574]
	GetHandleVerifier [0x0049C367+1074887]
	GetHandleVerifier [0x004A7497+1120247]
	GetHandleVerifier [0x0049CC16+1077110]
	Ordinal0 [0x00273206+1782278]
	Ordinal0 [0x0027C3BB+1819579]
	Ordinal0 [0x0027C523+1819939]
	Ordinal0 [0x00292B45+1911621]
	BaseThreadInitThunk [0x76F5F989+25]
	RtlGetAppContainerNamedObjectPath [0x770C74A4+228]
	RtlGetAppContainerNamedObjectPath [0x770C7474+180]
	(No symbol) [0x00000000]
">
      <![CDATA[org.openqa.selenium.SessionNotCreatedException: session not created
from chrome not reachable
  (Session info: chrome=84.0.4147.135)
Build info: version: '3.141.59', revision: 'e82be7d358', time: '2018-11-14T08:17:03'
System info: host: 'DESKTOP-V05VKJF', ip: '192.168.15.36', os.name: 'Windows 10', os.arch: 'amd64', os.version: '10.0', java.version: '1.8.0_251'
Driver info: driver.version: ChromeDriver
remote stacktrace: Backtrace:
	Ordinal0 [0x003787E3+2852835]
	Ordinal0 [0x00265BB1+1727409]
	Ordinal0 [0x0013E362+516962]
	Ordinal0 [0x00137D82+490882]
	Ordinal0 [0x0013846B+492651]
	Ordinal0 [0x001393C5+496581]
	Ordinal0 [0x00134D64+478564]
	Ordinal0 [0x0013F300+520960]
	Ordinal0 [0x000EE489+189577]
	Ordinal0 [0x000ED7FD+186365]
	Ordinal0 [0x000EB70B+177931]
	Ordinal0 [0x000D2584+75140]
	Ordinal0 [0x000D3650+79440]
	Ordinal0 [0x000D35E9+79337]
	Ordinal0 [0x0027AD5C+1813852]
	GetHandleVerifier [0x0049C616+1075574]
	GetHandleVerifier [0x0049C367+1074887]
	GetHandleVerifier [0x004A7497+1120247]
	GetHandleVerifier [0x0049CC16+1077110]
	Ordinal0 [0x00273206+1782278]
	Ordinal0 [0x0027C3BB+1819579]
	Ordinal0 [0x0027C523+1819939]
	Ordinal0 [0x00292B45+1911621]
	BaseThreadInitThunk [0x76F5F989+25]
	RtlGetAppContainerNamedObjectPath [0x770C74A4+228]
	RtlGetAppContainerNamedObjectPath [0x770C7474+180]
	(No symbol) [0x00000000]

	at org.openqa.selenium.remote.W3CHandshakeResponse.lambda$errorHandler$0(W3CHandshakeResponse.java:62)
	at org.openqa.selenium.remote.HandshakeResponse.lambda$getResponseFunction$0(HandshakeResponse.java:30)
	at org.openqa.selenium.remote.ProtocolHandshake.lambda$createSession$0(ProtocolHandshake.java:126)
	at java.util.stream.ReferencePipeline$3$1.accept(Unknown Source)
	at java.util.Spliterators$ArraySpliterator.tryAdvance(Unknown Source)
	at java.util.stream.ReferencePipeline.forEachWithCancel(Unknown Source)
	at java.util.stream.AbstractPipeline.copyIntoWithCancel(Unknown Source)
	at java.util.stream.AbstractPipeline.copyInto(Unknown Source)
	at java.util.stream.AbstractPipeline.wrapAndCopyInto(Unknown Source)
	at java.util.stream.FindOps$FindOp.evaluateSequential(Unknown Source)
	at java.util.stream.AbstractPipeline.evaluate(Unknown Source)
	at java.util.stream.ReferencePipeline.findFirst(Unknown Source)
	at org.openqa.selenium.remote.ProtocolHandshake.createSession(ProtocolHandshake.java:128)
	at org.openqa.selenium.remote.ProtocolHandshake.createSession(ProtocolHandshake.java:74)
	at org.openqa.selenium.remote.HttpCommandExecutor.execute(HttpCommandExecutor.java:136)
	at org.openqa.selenium.remote.service.DriverCommandExecutor.execute(DriverCommandExecutor.java:83)
	at org.openqa.selenium.remote.RemoteWebDriver.execute(RemoteWebDriver.java:552)
	at org.openqa.selenium.remote.RemoteWebDriver.startSession(RemoteWebDriver.java:213)
	at org.openqa.selenium.remote.RemoteWebDriver.<init>(RemoteWebDriver.java:131)
	at org.openqa.selenium.chrome.ChromeDriver.<init>(ChromeDriver.java:181)
	at org.openqa.selenium.chrome.ChromeDriver.<init>(ChromeDriver.java:168)
	at org.openqa.selenium.chrome.ChromeDriver.<init>(ChromeDriver.java:123)
	at BasicUserSteps.EsentialUserSteps.chromeDriverConfig(EsentialUserSteps.java:22)
	at map.OpenLayerControlMenu.givenStep(OpenLayerControlMenu.java:43)
	at test.MapTestSuite.OpenLayerControlMenu(MapTestSuite.java:41)
... Removed 29 stack frames]]>
    </failure>
  </testcase> <!-- OpenLayerControlMenu -->
  <testcase name="ResetInicialPositionMap" time="7.282" classname="test.MapTestSuite">
    <failure type="org.openqa.selenium.WebDriverException" message="unknown error: cannot determine loading status
from disconnected: received Inspector.detached event
  (Session info: chrome=84.0.4147.135)
Build info: version: &amp;apos;3.141.59&amp;apos;, revision: &amp;apos;e82be7d358&amp;apos;, time: &amp;apos;2018-11-14T08:17:03&amp;apos;
System info: host: &amp;apos;DESKTOP-V05VKJF&amp;apos;, ip: &amp;apos;192.168.15.36&amp;apos;, os.name: &amp;apos;Windows 10&amp;apos;, os.arch: &amp;apos;amd64&amp;apos;, os.version: &amp;apos;10.0&amp;apos;, java.version: &amp;apos;1.8.0_251&amp;apos;
Driver info: org.openqa.selenium.chrome.ChromeDriver
Capabilities {acceptInsecureCerts: false, browserName: chrome, browserVersion: 84.0.4147.135, chrome: {chromedriverVersion: 84.0.4147.30 (48b3e868b4cc0..., userDataDir: C:\Users\ALBERT~1\AppData\L...}, goog:chromeOptions: {debuggerAddress: localhost:64443}, javascriptEnabled: true, networkConnectionEnabled: false, pageLoadStrategy: normal, platform: WINDOWS, platformName: WINDOWS, proxy: Proxy(), setWindowRect: true, strictFileInteractability: false, timeouts: {implicit: 0, pageLoad: 300000, script: 30000}, unhandledPromptBehavior: dismiss and notify, webauthn:virtualAuthenticators: true}
Session ID: b785d0e403c018daaba3e89eb59f7476">
      <![CDATA[org.openqa.selenium.WebDriverException: unknown error: cannot determine loading status
from disconnected: received Inspector.detached event
  (Session info: chrome=84.0.4147.135)
Build info: version: '3.141.59', revision: 'e82be7d358', time: '2018-11-14T08:17:03'
System info: host: 'DESKTOP-V05VKJF', ip: '192.168.15.36', os.name: 'Windows 10', os.arch: 'amd64', os.version: '10.0', java.version: '1.8.0_251'
Driver info: org.openqa.selenium.chrome.ChromeDriver
Capabilities {acceptInsecureCerts: false, browserName: chrome, browserVersion: 84.0.4147.135, chrome: {chromedriverVersion: 84.0.4147.30 (48b3e868b4cc0..., userDataDir: C:\Users\ALBERT~1\AppData\L...}, goog:chromeOptions: {debuggerAddress: localhost:64443}, javascriptEnabled: true, networkConnectionEnabled: false, pageLoadStrategy: normal, platform: WINDOWS, platformName: WINDOWS, proxy: Proxy(), setWindowRect: true, strictFileInteractability: false, timeouts: {implicit: 0, pageLoad: 300000, script: 30000}, unhandledPromptBehavior: dismiss and notify, webauthn:virtualAuthenticators: true}
Session ID: b785d0e403c018daaba3e89eb59f7476
	at org.openqa.selenium.remote.http.W3CHttpResponseCodec.createException(W3CHttpResponseCodec.java:187)
	at org.openqa.selenium.remote.http.W3CHttpResponseCodec.decode(W3CHttpResponseCodec.java:122)
	at org.openqa.selenium.remote.http.W3CHttpResponseCodec.decode(W3CHttpResponseCodec.java:49)
	at org.openqa.selenium.remote.HttpCommandExecutor.execute(HttpCommandExecutor.java:158)
	at org.openqa.selenium.remote.service.DriverCommandExecutor.execute(DriverCommandExecutor.java:83)
	at org.openqa.selenium.remote.RemoteWebDriver.execute(RemoteWebDriver.java:552)
	at org.openqa.selenium.remote.RemoteWebDriver.get(RemoteWebDriver.java:277)
	at BasicUserSteps.EsentialUserSteps.initWaitConfig(EsentialUserSteps.java:29)
	at map.ResetInicialPositionMap.givenStep(ResetInicialPositionMap.java:48)
	at test.MapTestSuite.ResetInicialPositionMap(MapTestSuite.java:48)
... Removed 29 stack frames]]>
    </failure>
  </testcase> <!-- ResetInicialPositionMap -->
  <testcase name="ResetInitialOrientationMap" time="13.336" classname="test.MapTestSuite">
    <failure type="org.openqa.selenium.SessionNotCreatedException" message="session not created
from chrome not reachable
  (Session info: chrome=84.0.4147.135)
Build info: version: &amp;apos;3.141.59&amp;apos;, revision: &amp;apos;e82be7d358&amp;apos;, time: &amp;apos;2018-11-14T08:17:03&amp;apos;
System info: host: &amp;apos;DESKTOP-V05VKJF&amp;apos;, ip: &amp;apos;192.168.15.36&amp;apos;, os.name: &amp;apos;Windows 10&amp;apos;, os.arch: &amp;apos;amd64&amp;apos;, os.version: &amp;apos;10.0&amp;apos;, java.version: &amp;apos;1.8.0_251&amp;apos;
Driver info: driver.version: ChromeDriver
remote stacktrace: Backtrace:
	Ordinal0 [0x003787E3+2852835]
	Ordinal0 [0x00265BB1+1727409]
	Ordinal0 [0x0013E362+516962]
	Ordinal0 [0x00137D82+490882]
	Ordinal0 [0x0013846B+492651]
	Ordinal0 [0x001393C5+496581]
	Ordinal0 [0x00134D64+478564]
	Ordinal0 [0x0013F300+520960]
	Ordinal0 [0x000EE489+189577]
	Ordinal0 [0x000ED7FD+186365]
	Ordinal0 [0x000EB70B+177931]
	Ordinal0 [0x000D2584+75140]
	Ordinal0 [0x000D3650+79440]
	Ordinal0 [0x000D35E9+79337]
	Ordinal0 [0x0027AD5C+1813852]
	GetHandleVerifier [0x0049C616+1075574]
	GetHandleVerifier [0x0049C367+1074887]
	GetHandleVerifier [0x004A7497+1120247]
	GetHandleVerifier [0x0049CC16+1077110]
	Ordinal0 [0x00273206+1782278]
	Ordinal0 [0x0027C3BB+1819579]
	Ordinal0 [0x0027C523+1819939]
	Ordinal0 [0x00292B45+1911621]
	BaseThreadInitThunk [0x76F5F989+25]
	RtlGetAppContainerNamedObjectPath [0x770C74A4+228]
	RtlGetAppContainerNamedObjectPath [0x770C7474+180]
	(No symbol) [0x00000000]
">
      <![CDATA[org.openqa.selenium.SessionNotCreatedException: session not created
from chrome not reachable
  (Session info: chrome=84.0.4147.135)
Build info: version: '3.141.59', revision: 'e82be7d358', time: '2018-11-14T08:17:03'
System info: host: 'DESKTOP-V05VKJF', ip: '192.168.15.36', os.name: 'Windows 10', os.arch: 'amd64', os.version: '10.0', java.version: '1.8.0_251'
Driver info: driver.version: ChromeDriver
remote stacktrace: Backtrace:
	Ordinal0 [0x003787E3+2852835]
	Ordinal0 [0x00265BB1+1727409]
	Ordinal0 [0x0013E362+516962]
	Ordinal0 [0x00137D82+490882]
	Ordinal0 [0x0013846B+492651]
	Ordinal0 [0x001393C5+496581]
	Ordinal0 [0x00134D64+478564]
	Ordinal0 [0x0013F300+520960]
	Ordinal0 [0x000EE489+189577]
	Ordinal0 [0x000ED7FD+186365]
	Ordinal0 [0x000EB70B+177931]
	Ordinal0 [0x000D2584+75140]
	Ordinal0 [0x000D3650+79440]
	Ordinal0 [0x000D35E9+79337]
	Ordinal0 [0x0027AD5C+1813852]
	GetHandleVerifier [0x0049C616+1075574]
	GetHandleVerifier [0x0049C367+1074887]
	GetHandleVerifier [0x004A7497+1120247]
	GetHandleVerifier [0x0049CC16+1077110]
	Ordinal0 [0x00273206+1782278]
	Ordinal0 [0x0027C3BB+1819579]
	Ordinal0 [0x0027C523+1819939]
	Ordinal0 [0x00292B45+1911621]
	BaseThreadInitThunk [0x76F5F989+25]
	RtlGetAppContainerNamedObjectPath [0x770C74A4+228]
	RtlGetAppContainerNamedObjectPath [0x770C7474+180]
	(No symbol) [0x00000000]

	at org.openqa.selenium.remote.W3CHandshakeResponse.lambda$errorHandler$0(W3CHandshakeResponse.java:62)
	at org.openqa.selenium.remote.HandshakeResponse.lambda$getResponseFunction$0(HandshakeResponse.java:30)
	at org.openqa.selenium.remote.ProtocolHandshake.lambda$createSession$0(ProtocolHandshake.java:126)
	at java.util.stream.ReferencePipeline$3$1.accept(Unknown Source)
	at java.util.Spliterators$ArraySpliterator.tryAdvance(Unknown Source)
	at java.util.stream.ReferencePipeline.forEachWithCancel(Unknown Source)
	at java.util.stream.AbstractPipeline.copyIntoWithCancel(Unknown Source)
	at java.util.stream.AbstractPipeline.copyInto(Unknown Source)
	at java.util.stream.AbstractPipeline.wrapAndCopyInto(Unknown Source)
	at java.util.stream.FindOps$FindOp.evaluateSequential(Unknown Source)
	at java.util.stream.AbstractPipeline.evaluate(Unknown Source)
	at java.util.stream.ReferencePipeline.findFirst(Unknown Source)
	at org.openqa.selenium.remote.ProtocolHandshake.createSession(ProtocolHandshake.java:128)
	at org.openqa.selenium.remote.ProtocolHandshake.createSession(ProtocolHandshake.java:74)
	at org.openqa.selenium.remote.HttpCommandExecutor.execute(HttpCommandExecutor.java:136)
	at org.openqa.selenium.remote.service.DriverCommandExecutor.execute(DriverCommandExecutor.java:83)
	at org.openqa.selenium.remote.RemoteWebDriver.execute(RemoteWebDriver.java:552)
	at org.openqa.selenium.remote.RemoteWebDriver.startSession(RemoteWebDriver.java:213)
	at org.openqa.selenium.remote.RemoteWebDriver.<init>(RemoteWebDriver.java:131)
	at org.openqa.selenium.chrome.ChromeDriver.<init>(ChromeDriver.java:181)
	at org.openqa.selenium.chrome.ChromeDriver.<init>(ChromeDriver.java:168)
	at org.openqa.selenium.chrome.ChromeDriver.<init>(ChromeDriver.java:123)
	at map.ResetInitialOrientationMap.givenStep(ResetInitialOrientationMap.java:31)
	at test.MapTestSuite.ResetInitialOrientationMap(MapTestSuite.java:57)
... Removed 29 stack frames]]>
    </failure>
  </testcase> <!-- ResetInitialOrientationMap -->
  <testcase name="ViewHospitalDetails" time="8.076" classname="test.MapTestSuite">
    <failure type="org.openqa.selenium.WebDriverException" message="unknown error: cannot determine loading status
from disconnected: received Inspector.detached event
  (Session info: chrome=84.0.4147.135)
Build info: version: &amp;apos;3.141.59&amp;apos;, revision: &amp;apos;e82be7d358&amp;apos;, time: &amp;apos;2018-11-14T08:17:03&amp;apos;
System info: host: &amp;apos;DESKTOP-V05VKJF&amp;apos;, ip: &amp;apos;192.168.15.36&amp;apos;, os.name: &amp;apos;Windows 10&amp;apos;, os.arch: &amp;apos;amd64&amp;apos;, os.version: &amp;apos;10.0&amp;apos;, java.version: &amp;apos;1.8.0_251&amp;apos;
Driver info: org.openqa.selenium.chrome.ChromeDriver
Capabilities {acceptInsecureCerts: false, browserName: chrome, browserVersion: 84.0.4147.135, chrome: {chromedriverVersion: 84.0.4147.30 (48b3e868b4cc0..., userDataDir: C:\Users\ALBERT~1\AppData\L...}, goog:chromeOptions: {debuggerAddress: localhost:64492}, javascriptEnabled: true, networkConnectionEnabled: false, pageLoadStrategy: normal, platform: WINDOWS, platformName: WINDOWS, proxy: Proxy(), setWindowRect: true, strictFileInteractability: false, timeouts: {implicit: 0, pageLoad: 300000, script: 30000}, unhandledPromptBehavior: dismiss and notify, webauthn:virtualAuthenticators: true}
Session ID: 53eda2b24e3f3ed7428270ca23216017">
      <![CDATA[org.openqa.selenium.WebDriverException: unknown error: cannot determine loading status
from disconnected: received Inspector.detached event
  (Session info: chrome=84.0.4147.135)
Build info: version: '3.141.59', revision: 'e82be7d358', time: '2018-11-14T08:17:03'
System info: host: 'DESKTOP-V05VKJF', ip: '192.168.15.36', os.name: 'Windows 10', os.arch: 'amd64', os.version: '10.0', java.version: '1.8.0_251'
Driver info: org.openqa.selenium.chrome.ChromeDriver
Capabilities {acceptInsecureCerts: false, browserName: chrome, browserVersion: 84.0.4147.135, chrome: {chromedriverVersion: 84.0.4147.30 (48b3e868b4cc0..., userDataDir: C:\Users\ALBERT~1\AppData\L...}, goog:chromeOptions: {debuggerAddress: localhost:64492}, javascriptEnabled: true, networkConnectionEnabled: false, pageLoadStrategy: normal, platform: WINDOWS, platformName: WINDOWS, proxy: Proxy(), setWindowRect: true, strictFileInteractability: false, timeouts: {implicit: 0, pageLoad: 300000, script: 30000}, unhandledPromptBehavior: dismiss and notify, webauthn:virtualAuthenticators: true}
Session ID: 53eda2b24e3f3ed7428270ca23216017
	at org.openqa.selenium.remote.http.W3CHttpResponseCodec.createException(W3CHttpResponseCodec.java:187)
	at org.openqa.selenium.remote.http.W3CHttpResponseCodec.decode(W3CHttpResponseCodec.java:122)
	at org.openqa.selenium.remote.http.W3CHttpResponseCodec.decode(W3CHttpResponseCodec.java:49)
	at org.openqa.selenium.remote.HttpCommandExecutor.execute(HttpCommandExecutor.java:158)
	at org.openqa.selenium.remote.service.DriverCommandExecutor.execute(DriverCommandExecutor.java:83)
	at org.openqa.selenium.remote.RemoteWebDriver.execute(RemoteWebDriver.java:552)
	at org.openqa.selenium.remote.RemoteWebDriver.get(RemoteWebDriver.java:277)
	at BasicUserSteps.EsentialUserSteps.initWaitConfig(EsentialUserSteps.java:29)
	at map.ViewHospitalDetails.givenStep(ViewHospitalDetails.java:50)
	at test.MapTestSuite.ViewHospitalDetails(MapTestSuite.java:67)
... Removed 29 stack frames]]>
    </failure>
  </testcase> <!-- ViewHospitalDetails -->
  <testcase name="viewHospitalMenuDetails" time="13.436" classname="test.MapTestSuite">
    <failure type="org.openqa.selenium.SessionNotCreatedException" message="session not created
from chrome not reachable
  (Session info: chrome=84.0.4147.135)
Build info: version: &amp;apos;3.141.59&amp;apos;, revision: &amp;apos;e82be7d358&amp;apos;, time: &amp;apos;2018-11-14T08:17:03&amp;apos;
System info: host: &amp;apos;DESKTOP-V05VKJF&amp;apos;, ip: &amp;apos;192.168.15.36&amp;apos;, os.name: &amp;apos;Windows 10&amp;apos;, os.arch: &amp;apos;amd64&amp;apos;, os.version: &amp;apos;10.0&amp;apos;, java.version: &amp;apos;1.8.0_251&amp;apos;
Driver info: driver.version: ChromeDriver
remote stacktrace: Backtrace:
	Ordinal0 [0x003787E3+2852835]
	Ordinal0 [0x00265BB1+1727409]
	Ordinal0 [0x0013E362+516962]
	Ordinal0 [0x00137D82+490882]
	Ordinal0 [0x0013846B+492651]
	Ordinal0 [0x001393C5+496581]
	Ordinal0 [0x00134D64+478564]
	Ordinal0 [0x0013F300+520960]
	Ordinal0 [0x000EE489+189577]
	Ordinal0 [0x000ED7FD+186365]
	Ordinal0 [0x000EB70B+177931]
	Ordinal0 [0x000D2584+75140]
	Ordinal0 [0x000D3650+79440]
	Ordinal0 [0x000D35E9+79337]
	Ordinal0 [0x0027AD5C+1813852]
	GetHandleVerifier [0x0049C616+1075574]
	GetHandleVerifier [0x0049C367+1074887]
	GetHandleVerifier [0x004A7497+1120247]
	GetHandleVerifier [0x0049CC16+1077110]
	Ordinal0 [0x00273206+1782278]
	Ordinal0 [0x0027C3BB+1819579]
	Ordinal0 [0x0027C523+1819939]
	Ordinal0 [0x00292B45+1911621]
	BaseThreadInitThunk [0x76F5F989+25]
	RtlGetAppContainerNamedObjectPath [0x770C74A4+228]
	RtlGetAppContainerNamedObjectPath [0x770C7474+180]
	(No symbol) [0x00000000]
">
      <![CDATA[org.openqa.selenium.SessionNotCreatedException: session not created
from chrome not reachable
  (Session info: chrome=84.0.4147.135)
Build info: version: '3.141.59', revision: 'e82be7d358', time: '2018-11-14T08:17:03'
System info: host: 'DESKTOP-V05VKJF', ip: '192.168.15.36', os.name: 'Windows 10', os.arch: 'amd64', os.version: '10.0', java.version: '1.8.0_251'
Driver info: driver.version: ChromeDriver
remote stacktrace: Backtrace:
	Ordinal0 [0x003787E3+2852835]
	Ordinal0 [0x00265BB1+1727409]
	Ordinal0 [0x0013E362+516962]
	Ordinal0 [0x00137D82+490882]
	Ordinal0 [0x0013846B+492651]
	Ordinal0 [0x001393C5+496581]
	Ordinal0 [0x00134D64+478564]
	Ordinal0 [0x0013F300+520960]
	Ordinal0 [0x000EE489+189577]
	Ordinal0 [0x000ED7FD+186365]
	Ordinal0 [0x000EB70B+177931]
	Ordinal0 [0x000D2584+75140]
	Ordinal0 [0x000D3650+79440]
	Ordinal0 [0x000D35E9+79337]
	Ordinal0 [0x0027AD5C+1813852]
	GetHandleVerifier [0x0049C616+1075574]
	GetHandleVerifier [0x0049C367+1074887]
	GetHandleVerifier [0x004A7497+1120247]
	GetHandleVerifier [0x0049CC16+1077110]
	Ordinal0 [0x00273206+1782278]
	Ordinal0 [0x0027C3BB+1819579]
	Ordinal0 [0x0027C523+1819939]
	Ordinal0 [0x00292B45+1911621]
	BaseThreadInitThunk [0x76F5F989+25]
	RtlGetAppContainerNamedObjectPath [0x770C74A4+228]
	RtlGetAppContainerNamedObjectPath [0x770C7474+180]
	(No symbol) [0x00000000]

	at org.openqa.selenium.remote.W3CHandshakeResponse.lambda$errorHandler$0(W3CHandshakeResponse.java:62)
	at org.openqa.selenium.remote.HandshakeResponse.lambda$getResponseFunction$0(HandshakeResponse.java:30)
	at org.openqa.selenium.remote.ProtocolHandshake.lambda$createSession$0(ProtocolHandshake.java:126)
	at java.util.stream.ReferencePipeline$3$1.accept(Unknown Source)
	at java.util.Spliterators$ArraySpliterator.tryAdvance(Unknown Source)
	at java.util.stream.ReferencePipeline.forEachWithCancel(Unknown Source)
	at java.util.stream.AbstractPipeline.copyIntoWithCancel(Unknown Source)
	at java.util.stream.AbstractPipeline.copyInto(Unknown Source)
	at java.util.stream.AbstractPipeline.wrapAndCopyInto(Unknown Source)
	at java.util.stream.FindOps$FindOp.evaluateSequential(Unknown Source)
	at java.util.stream.AbstractPipeline.evaluate(Unknown Source)
	at java.util.stream.ReferencePipeline.findFirst(Unknown Source)
	at org.openqa.selenium.remote.ProtocolHandshake.createSession(ProtocolHandshake.java:128)
	at org.openqa.selenium.remote.ProtocolHandshake.createSession(ProtocolHandshake.java:74)
	at org.openqa.selenium.remote.HttpCommandExecutor.execute(HttpCommandExecutor.java:136)
	at org.openqa.selenium.remote.service.DriverCommandExecutor.execute(DriverCommandExecutor.java:83)
	at org.openqa.selenium.remote.RemoteWebDriver.execute(RemoteWebDriver.java:552)
	at org.openqa.selenium.remote.RemoteWebDriver.startSession(RemoteWebDriver.java:213)
	at org.openqa.selenium.remote.RemoteWebDriver.<init>(RemoteWebDriver.java:131)
	at org.openqa.selenium.chrome.ChromeDriver.<init>(ChromeDriver.java:181)
	at org.openqa.selenium.chrome.ChromeDriver.<init>(ChromeDriver.java:168)
	at org.openqa.selenium.chrome.ChromeDriver.<init>(ChromeDriver.java:123)
	at BasicUserSteps.EsentialUserSteps.chromeDriverConfig(EsentialUserSteps.java:22)
	at map.ViewHospitalMenuDetails.givenStep(ViewHospitalMenuDetails.java:49)
	at test.MapTestSuite.viewHospitalMenuDetails(MapTestSuite.java:76)
... Removed 29 stack frames]]>
    </failure>
  </testcase> <!-- viewHospitalMenuDetails -->
</testsuite> <!-- MapTestSuite -->
