<?xml version="1.0" encoding="UTF-8"?>
<!-- Generated by org.testng.reporters.JUnitXMLReporter -->
<testsuite hostname="DESKTOP-V05VKJF" ignored="0" name="TestMapSuite" tests="10" failures="1" timestamp="03 sep 2020 23:54:56 GMT" time="408.735" errors="0">
  <testcase name="ElementsWithoutData" time="42.06" classname="test.MapTestSuite"/>
  <testcase name="LugaresDeInteresLayerGroupVisualizationOneByOne" time="40.357" classname="test.MapTestSuite"/>
  <testcase name="LugaresDeInteresLayerVisualization" time="34.376" classname="test.MapTestSuite"/>
  <testcase name="OpenLayerControlMenu" time="32.055" classname="test.MapTestSuite"/>
  <testcase name="ResetInicialPositionMap" time="38.295" classname="test.MapTestSuite"/>
  <testcase name="ResetInitialOrientationMap" time="36.634" classname="test.MapTestSuite"/>
  <testcase name="ViewHospitalDetails" time="40.517" classname="test.MapTestSuite"/>
  <testcase name="viewHospitalMenuDetails" time="43.19" classname="test.MapTestSuite"/>
  <testcase name="searchWithQuotationMarks" time="56.5" classname="test.MapTestSuite">
    <failure type="org.openqa.selenium.NoSuchElementException" message="no such element: Unable to locate element: {&amp;quot;method&amp;quot;:&amp;quot;xpath&amp;quot;,&amp;quot;selector&amp;quot;:&amp;quot;//*[@id=&amp;apos;map&amp;apos;]/div[4]/div[2]/sdp-poi-tooltip/div&amp;quot;}
  (Session info: chrome=85.0.4183.83)
For documentation on this error, please visit: https://www.seleniumhq.org/exceptions/no_such_element.html
Build info: version: &amp;apos;3.141.59&amp;apos;, revision: &amp;apos;e82be7d358&amp;apos;, time: &amp;apos;2018-11-14T08:17:03&amp;apos;
System info: host: &amp;apos;DESKTOP-V05VKJF&amp;apos;, ip: &amp;apos;10.212.134.200&amp;apos;, os.name: &amp;apos;Windows 10&amp;apos;, os.arch: &amp;apos;amd64&amp;apos;, os.version: &amp;apos;10.0&amp;apos;, java.version: &amp;apos;1.8.0_251&amp;apos;
Driver info: org.openqa.selenium.chrome.ChromeDriver
Capabilities {acceptInsecureCerts: false, browserName: chrome, browserVersion: 85.0.4183.83, chrome: {chromedriverVersion: 85.0.4183.87 (cd6713ebf92fa..., userDataDir: C:\Users\ALBERT~1\AppData\L...}, goog:chromeOptions: {debuggerAddress: localhost:64083}, javascriptEnabled: true, networkConnectionEnabled: false, pageLoadStrategy: normal, platform: WINDOWS, platformName: WINDOWS, proxy: Proxy(), setWindowRect: true, strictFileInteractability: false, timeouts: {implicit: 0, pageLoad: 300000, script: 30000}, unhandledPromptBehavior: dismiss and notify, webauthn:virtualAuthenticators: true}
Session ID: 0434758c748178243d183db68cb6e6ae
*** Element info: {Using=xpath, value=//*[@id=&amp;apos;map&amp;apos;]/div[4]/div[2]/sdp-poi-tooltip/div}">
      <![CDATA[org.openqa.selenium.NoSuchElementException: no such element: Unable to locate element: {"method":"xpath","selector":"//*[@id='map']/div[4]/div[2]/sdp-poi-tooltip/div"}
  (Session info: chrome=85.0.4183.83)
For documentation on this error, please visit: https://www.seleniumhq.org/exceptions/no_such_element.html
Build info: version: '3.141.59', revision: 'e82be7d358', time: '2018-11-14T08:17:03'
System info: host: 'DESKTOP-V05VKJF', ip: '10.212.134.200', os.name: 'Windows 10', os.arch: 'amd64', os.version: '10.0', java.version: '1.8.0_251'
Driver info: org.openqa.selenium.chrome.ChromeDriver
Capabilities {acceptInsecureCerts: false, browserName: chrome, browserVersion: 85.0.4183.83, chrome: {chromedriverVersion: 85.0.4183.87 (cd6713ebf92fa..., userDataDir: C:\Users\ALBERT~1\AppData\L...}, goog:chromeOptions: {debuggerAddress: localhost:64083}, javascriptEnabled: true, networkConnectionEnabled: false, pageLoadStrategy: normal, platform: WINDOWS, platformName: WINDOWS, proxy: Proxy(), setWindowRect: true, strictFileInteractability: false, timeouts: {implicit: 0, pageLoad: 300000, script: 30000}, unhandledPromptBehavior: dismiss and notify, webauthn:virtualAuthenticators: true}
Session ID: 0434758c748178243d183db68cb6e6ae
*** Element info: {Using=xpath, value=//*[@id='map']/div[4]/div[2]/sdp-poi-tooltip/div}
	at org.openqa.selenium.remote.http.W3CHttpResponseCodec.createException(W3CHttpResponseCodec.java:187)
	at org.openqa.selenium.remote.http.W3CHttpResponseCodec.decode(W3CHttpResponseCodec.java:122)
	at org.openqa.selenium.remote.http.W3CHttpResponseCodec.decode(W3CHttpResponseCodec.java:49)
	at org.openqa.selenium.remote.HttpCommandExecutor.execute(HttpCommandExecutor.java:158)
	at org.openqa.selenium.remote.service.DriverCommandExecutor.execute(DriverCommandExecutor.java:83)
	at org.openqa.selenium.remote.RemoteWebDriver.execute(RemoteWebDriver.java:552)
	at org.openqa.selenium.remote.RemoteWebDriver.findElement(RemoteWebDriver.java:323)
	at org.openqa.selenium.remote.RemoteWebDriver.findElementByXPath(RemoteWebDriver.java:428)
	at org.openqa.selenium.By$ByXPath.findElement(By.java:353)
	at org.openqa.selenium.remote.RemoteWebDriver.findElement(RemoteWebDriver.java:315)
	at PageObjects.MapObjects.waitToolTip(MapObjects.java:206)
	at map.searchWithQuotationMarks.andStep(searchWithQuotationMarks.java:55)
	at test.MapTestSuite.searchWithQuotationMarks(MapTestSuite.java:99)
... Removed 29 stack frames]]>
    </failure>
  </testcase> <!-- searchWithQuotationMarks -->
  <testcase name="geographyLayerDisplayedInMap" time="44.489" classname="test.MapTestSuite"/>
</testsuite> <!-- TestMapSuite -->
